Determining if the pthread_create exist failed with the following output:
Change Dir: /home/halimi/C_Laser2D/build/CMakeFiles/CMakeTmp

Run Build Command:"/usr/bin/make" "cmTC_6f5d8/fast"
/usr/bin/make -f CMakeFiles/cmTC_6f5d8.dir/build.make CMakeFiles/cmTC_6f5d8.dir/build
make[1] : on entre dans le répertoire « /home/halimi/C_Laser2D/build/CMakeFiles/CMakeTmp »
Building C object CMakeFiles/cmTC_6f5d8.dir/CheckSymbolExists.c.o
/usr/bin/cc    -o CMakeFiles/cmTC_6f5d8.dir/CheckSymbolExists.c.o   -c /home/halimi/C_Laser2D/build/CMakeFiles/CMakeTmp/CheckSymbolExists.c
Linking C executable cmTC_6f5d8
/usr/bin/cmake -E cmake_link_script CMakeFiles/cmTC_6f5d8.dir/link.txt --verbose=1
/usr/bin/cc      -rdynamic CMakeFiles/cmTC_6f5d8.dir/CheckSymbolExists.c.o  -o cmTC_6f5d8 
CMakeFiles/cmTC_6f5d8.dir/CheckSymbolExists.c.o : Dans la fonction « main » :
CheckSymbolExists.c:(.text+0x1b) : référence indéfinie vers « pthread_create »
collect2: error: ld returned 1 exit status
CMakeFiles/cmTC_6f5d8.dir/build.make:97: recipe for target 'cmTC_6f5d8' failed
make[1]: *** [cmTC_6f5d8] Error 1
make[1] : on quitte le répertoire « /home/halimi/C_Laser2D/build/CMakeFiles/CMakeTmp »
Makefile:126: recipe for target 'cmTC_6f5d8/fast' failed
make: *** [cmTC_6f5d8/fast] Error 2

File /home/halimi/C_Laser2D/build/CMakeFiles/CMakeTmp/CheckSymbolExists.c:
/* */
#include <pthread.h>

int main(int argc, char** argv)
{
  (void)argv;
#ifndef pthread_create
  return ((int*)(&pthread_create))[argc];
#else
  (void)argc;
  return 0;
#endif
}

Determining if the function pthread_create exists in the pthreads failed with the following output:
Change Dir: /home/halimi/C_Laser2D/build/CMakeFiles/CMakeTmp

Run Build Command:"/usr/bin/make" "cmTC_adf36/fast"
/usr/bin/make -f CMakeFiles/cmTC_adf36.dir/build.make CMakeFiles/cmTC_adf36.dir/build
make[1] : on entre dans le répertoire « /home/halimi/C_Laser2D/build/CMakeFiles/CMakeTmp »
Building C object CMakeFiles/cmTC_adf36.dir/CheckFunctionExists.c.o
/usr/bin/cc   -DCHECK_FUNCTION_EXISTS=pthread_create   -o CMakeFiles/cmTC_adf36.dir/CheckFunctionExists.c.o   -c /usr/share/cmake-3.10/Modules/CheckFunctionExists.c
Linking C executable cmTC_adf36
/usr/bin/cmake -E cmake_link_script CMakeFiles/cmTC_adf36.dir/link.txt --verbose=1
/usr/bin/cc  -DCHECK_FUNCTION_EXISTS=pthread_create    -rdynamic CMakeFiles/cmTC_adf36.dir/CheckFunctionExists.c.o  -o cmTC_adf36 -lpthreads 
/usr/bin/ld : ne peut trouver -lpthreads
collect2: error: ld returned 1 exit status
CMakeFiles/cmTC_adf36.dir/build.make:97: recipe for target 'cmTC_adf36' failed
make[1]: *** [cmTC_adf36] Error 1
make[1] : on quitte le répertoire « /home/halimi/C_Laser2D/build/CMakeFiles/CMakeTmp »
Makefile:126: recipe for target 'cmTC_adf36/fast' failed
make: *** [cmTC_adf36/fast] Error 2


